07:53:21.198 [main] INFO  TestCases.TC001_AccountRegistrationTest - Clicked on MyAccount Link...
07:53:23.499 [main] INFO  TestCases.TC001_AccountRegistrationTest - Clicked on Register Link...
07:53:23.511 [main] INFO  TestCases.TC001_AccountRegistrationTest - Providing customer details...
07:53:26.113 [main] ERROR TestCases.TC001_AccountRegistrationTest - Test Failed...
07:55:12.790 [main] INFO  TestCases.TC001_AccountRegistrationTest - *******Starting TC001_AccountRegistrationTest*****
07:55:13.467 [main] INFO  TestCases.TC001_AccountRegistrationTest - Clicked on MyAccount Link...
07:55:15.402 [main] INFO  TestCases.TC001_AccountRegistrationTest - Clicked on Register Link...
07:55:15.410 [main] INFO  TestCases.TC001_AccountRegistrationTest - Providing customer details...
07:55:17.835 [main] ERROR TestCases.TC001_AccountRegistrationTest - Test Failed...
07:56:44.167 [main] INFO  TestCases.TC001_AccountRegistrationTest - *******Starting TC001_AccountRegistrationTest*****
07:56:44.814 [main] INFO  TestCases.TC001_AccountRegistrationTest - Clicked on MyAccount Link...
07:56:46.578 [main] INFO  TestCases.TC001_AccountRegistrationTest - Clicked on Register Link...
07:56:46.585 [main] INFO  TestCases.TC001_AccountRegistrationTest - Providing customer details...
07:56:49.517 [main] ERROR TestCases.TC001_AccountRegistrationTest - Test Failed...
07:57:39.012 [main] INFO  TestCases.TC001_AccountRegistrationTest - *******Starting TC001_AccountRegistrationTest*****
07:57:39.460 [main] INFO  TestCases.TC001_AccountRegistrationTest - Clicked on MyAccount Link...
07:57:41.510 [main] INFO  TestCases.TC001_AccountRegistrationTest - Clicked on Register Link...
07:57:41.525 [main] INFO  TestCases.TC001_AccountRegistrationTest - Providing customer details...
07:57:43.524 [main] INFO  TestCases.TC001_AccountRegistrationTest - Validating expected message...
07:57:45.828 [main] INFO  TestCases.TC001_AccountRegistrationTest - *****FInished TC001_AccountRegistrationTest******



08:29:36.518 [main] INFO  TestCases.TC001_AccountRegistrationTest - *******Starting TC001_AccountRegistrationTest*****
08:29:36.970 [main] INFO  TestCases.TC001_AccountRegistrationTest - Clicked on MyAccount Link...
08:29:38.998 [main] INFO  TestCases.TC001_AccountRegistrationTest - Clicked on Register Link...
08:29:39.005 [main] INFO  TestCases.TC001_AccountRegistrationTest - Providing customer details...
08:29:41.463 [main] INFO  TestCases.TC001_AccountRegistrationTest - Validating expected message...
08:29:43.542 [main] INFO  TestCases.TC001_AccountRegistrationTest - *****FInished TC001_AccountRegistrationTest******
08:39:55.902 [main] INFO  TestCases.TC001_AccountRegistrationTest - *******Starting TC001_AccountRegistrationTest*****
08:39:56.274 [main] INFO  TestCases.TC001_AccountRegistrationTest - Clicked on MyAccount Link...
08:39:58.066 [main] INFO  TestCases.TC001_AccountRegistrationTest - Clicked on Register Link...
08:39:58.072 [main] INFO  TestCases.TC001_AccountRegistrationTest - Providing customer details...
08:40:00.919 [main] INFO  TestCases.TC001_AccountRegistrationTest - Validating expected message...
08:40:02.719 [main] INFO  TestCases.TC001_AccountRegistrationTest - *****FInished TC001_AccountRegistrationTest******
08:40:13.127 [main] INFO  TestCases.TC001_AccountRegistrationTest - *******Starting TC001_AccountRegistrationTest*****
08:40:13.800 [main] INFO  TestCases.TC001_AccountRegistrationTest - Clicked on MyAccount Link...
08:40:16.085 [main] INFO  TestCases.TC001_AccountRegistrationTest - Clicked on Register Link...
08:40:16.086 [main] INFO  TestCases.TC001_AccountRegistrationTest - Providing customer details...
08:40:19.084 [main] ERROR TestCases.TC001_AccountRegistrationTest - Test Failed...
08:41:26.508 [TestNG-tests-2] INFO  TestCases.TC001_AccountRegistrationTest - *******Starting TC001_AccountRegistrationTest*****
08:41:27.210 [TestNG-tests-2] INFO  TestCases.TC001_AccountRegistrationTest - Clicked on MyAccount Link...
08:41:29.416 [TestNG-tests-2] INFO  TestCases.TC001_AccountRegistrationTest - Clicked on Register Link...
08:41:29.422 [TestNG-tests-2] INFO  TestCases.TC001_AccountRegistrationTest - Providing customer details...
08:41:31.090 [TestNG-tests-1] INFO  TestCases.TC001_AccountRegistrationTest - *******Starting TC001_AccountRegistrationTest*****
08:41:31.871 [TestNG-tests-1] INFO  TestCases.TC001_AccountRegistrationTest - Clicked on MyAccount Link...
08:41:32.727 [TestNG-tests-2] INFO  TestCases.TC001_AccountRegistrationTest - Validating expected message...
08:41:35.903 [TestNG-tests-2] INFO  TestCases.TC001_AccountRegistrationTest - *****FInished TC001_AccountRegistrationTest******
08:41:36.341 [TestNG-tests-1] INFO  TestCases.TC001_AccountRegistrationTest - Clicked on Register Link...
08:41:36.342 [TestNG-tests-1] INFO  TestCases.TC001_AccountRegistrationTest - Providing customer details...
08:41:39.411 [TestNG-tests-1] ERROR TestCases.TC001_AccountRegistrationTest - Test Failed...
