18:23:59.206 [main] INFO  TestCases.TC001_AccountRegistrationTest - Clicked on Register Link...
18:23:59.353 [main] INFO  TestCases.TC001_AccountRegistrationTest - Providing customer details...
18:24:49.848 [main] INFO  TestCases.TC001_AccountRegistrationTest - Validating expected message...
18:24:57.755 [main] INFO  TestCases.TC001_AccountRegistrationTest - *****FInished TC001_AccountRegistrationTest******
18:25:30.437 [main] INFO  TestCases.TC002_LoginTest - *******Starting TC_002_LoginTest*****
18:26:10.840 [main] INFO  TestCases.TC002_LoginTest - *******Finished TC_002_LoginTest*****
19:00:22.721 [main] DEBUG org.testng.TestNG - suiteXmlPath: "C:\Users\Govind\Desktop\ABC\Opencart\testng.xml"
19:01:10.600 [main] INFO  TestCases.TC001_AccountRegistrationTest - *******Starting TC001_AccountRegistrationTest*****
19:01:11.305 [main] INFO  TestCases.TC001_AccountRegistrationTest - Clicked on MyAccount Link...
19:01:15.570 [main] INFO  TestCases.TC001_AccountRegistrationTest - Clicked on Register Link...
19:01:15.580 [main] INFO  TestCases.TC001_AccountRegistrationTest - Providing customer details...
19:01:29.197 [main] INFO  TestCases.TC001_AccountRegistrationTest - Validating expected message...
19:01:41.319 [main] INFO  TestCases.TC001_AccountRegistrationTest - *****FInished TC001_AccountRegistrationTest******
19:02:53.549 [main] INFO  TestCases.TC002_LoginTest - *******Starting TC_002_LoginTest*****
19:03:39.968 [main] INFO  TestCases.TC002_LoginTest - *******Finished TC_002_LoginTest*****
19:04:07.174 [main] INFO  TestCases.TC004_Add_To_Cart - *******Starting TC004_AddToCard_Test*****
19:05:02.606 [main] INFO  TestCases.TC004_Add_To_Cart - *******Finished TC004_AddToCard_Test*****
11:22:51.609 [main] INFO  TestCases.TC001_AccountRegistrationTest - *******Starting TC001_AccountRegistrationTest*****
11:22:55.120 [main] INFO  TestCases.TC001_AccountRegistrationTest - Clicked on MyAccount Link...
11:23:08.481 [main] INFO  TestCases.TC001_AccountRegistrationTest - Clicked on Register Link...
11:23:08.494 [main] INFO  TestCases.TC001_AccountRegistrationTest - Providing customer details...
11:23:15.040 [main] ERROR TestCases.TC001_AccountRegistrationTest - Test Failed...
11:23:39.377 [main] INFO  TestCases.TC002_LoginTest - *******Starting TC_002_LoginTest*****
11:23:54.535 [main] INFO  TestCases.TC002_LoginTest - *******Finished TC_002_LoginTest*****
11:24:19.987 [main] INFO  TestCases.TC004_Add_To_Cart - *******Starting TC004_AddToCard_Test*****
11:25:25.433 [main] INFO  TestCases.TC004_Add_To_Cart - *******Finished TC004_AddToCard_Test*****
11:30:02.282 [main] DEBUG org.testng.TestNG - suiteXmlPath: "C:\Users\Govind\Desktop\ABC\Opencart\testng.xml"
11:30:55.023 [main] INFO  TestCases.TC001_AccountRegistrationTest - *******Starting TC001_AccountRegistrationTest*****
11:30:56.596 [main] INFO  TestCases.TC001_AccountRegistrationTest - Clicked on MyAccount Link...
11:31:09.415 [main] INFO  TestCases.TC001_AccountRegistrationTest - Clicked on Register Link...
11:31:09.424 [main] INFO  TestCases.TC001_AccountRegistrationTest - Providing customer details...
11:31:16.073 [main] INFO  TestCases.TC001_AccountRegistrationTest - Validating expected message...
11:31:21.090 [main] INFO  TestCases.TC001_AccountRegistrationTest - *****FInished TC001_AccountRegistrationTest******
11:31:54.049 [main] INFO  TestCases.TC002_LoginTest - *******Starting TC_002_LoginTest*****
11:32:11.168 [main] INFO  TestCases.TC002_LoginTest - *******Finished TC_002_LoginTest*****
11:32:36.333 [main] INFO  TestCases.TC004_Add_To_Cart - *******Starting TC004_AddToCard_Test*****
11:33:31.206 [main] INFO  TestCases.TC004_Add_To_Cart - *******Finished TC004_AddToCard_Test*****
11:37:41.224 [main] DEBUG org.testng.TestNG - suiteXmlPath: "C:\Users\Govind\Desktop\ABC\Opencart\testng.xml"
11:38:14.704 [main] INFO  TestCases.TC001_AccountRegistrationTest - *******Starting TC001_AccountRegistrationTest*****
11:38:15.531 [main] INFO  TestCases.TC001_AccountRegistrationTest - Clicked on MyAccount Link...
11:38:22.941 [main] INFO  TestCases.TC001_AccountRegistrationTest - Clicked on Register Link...
11:38:22.955 [main] INFO  TestCases.TC001_AccountRegistrationTest - Providing customer details...
11:38:29.981 [main] ERROR TestCases.TC001_AccountRegistrationTest - Test Failed...
11:38:51.617 [main] INFO  TestCases.TC002_LoginTest - *******Starting TC_002_LoginTest*****
11:39:08.151 [main] INFO  TestCases.TC002_LoginTest - *******Finished TC_002_LoginTest*****
11:39:31.913 [main] INFO  TestCases.TC004_Add_To_Cart - *******Starting TC004_AddToCard_Test*****
11:40:22.820 [main] INFO  TestCases.TC004_Add_To_Cart - *******Finished TC004_AddToCard_Test*****
00:22:05.861 [main] DEBUG org.testng.TestNG - suiteXmlPath: "C:\Users\govin\eclipse-workspace\Opencart\testng.xml"
00:22:38.701 [main] INFO  TestCases.TC001_AccountRegistrationTest - *******Starting TC001_AccountRegistrationTest*****
00:22:49.733 [main] ERROR TestCases.TC001_AccountRegistrationTest - Test Failed...
