14:34:48.528 [main] INFO  TestCases.TC004_Add_To_Cart - *******Finished TC004_AddToCard_Test*****
15:17:33.714 [main] DEBUG org.testng.TestNG - suiteXmlPath: "C:\Users\Govind\Desktop\ABC\Opencart\testng.xml"
15:22:33.361 [main] INFO  TestCases.TC001_AccountRegistrationTest - *******Starting TC001_AccountRegistrationTest*****
15:22:36.271 [main] INFO  TestCases.TC001_AccountRegistrationTest - Clicked on MyAccount Link...
15:22:46.276 [main] INFO  TestCases.TC001_AccountRegistrationTest - Clicked on Register Link...
15:22:46.283 [main] INFO  TestCases.TC001_AccountRegistrationTest - Providing customer details...
15:23:21.584 [main] INFO  TestCases.TC001_AccountRegistrationTest - Validating expected message...
15:23:30.453 [main] INFO  TestCases.TC001_AccountRegistrationTest - *****FInished TC001_AccountRegistrationTest******
15:25:35.120 [main] INFO  TestCases.TC002_LoginTest - *******Starting TC_002_LoginTest*****
15:26:17.349 [main] INFO  TestCases.TC002_LoginTest - *******Finished TC_002_LoginTest*****
20:32:39.343 [main] DEBUG org.testng.TestNG - suiteXmlPath: "C:\Users\Govind\Desktop\ABC\Opencart\testng.xml"
20:38:36.533 [main] DEBUG org.testng.TestNG - suiteXmlPath: "C:\Users\Govind\Desktop\ABC\Opencart\testng.xml"
20:39:31.968 [main] INFO  TestCases.TC001_AccountRegistrationTest - *******Starting TC001_AccountRegistrationTest*****
20:39:33.850 [main] INFO  TestCases.TC001_AccountRegistrationTest - Clicked on MyAccount Link...
20:39:39.673 [main] INFO  TestCases.TC001_AccountRegistrationTest - Clicked on Register Link...
20:39:39.682 [main] INFO  TestCases.TC001_AccountRegistrationTest - Providing customer details...
20:39:53.118 [main] INFO  TestCases.TC001_AccountRegistrationTest - Validating expected message...
20:40:07.840 [main] INFO  TestCases.TC001_AccountRegistrationTest - *****FInished TC001_AccountRegistrationTest******
20:40:36.219 [main] INFO  TestCases.TC002_LoginTest - *******Starting TC_002_LoginTest*****
20:40:49.948 [main] INFO  TestCases.TC002_LoginTest - *******Finished TC_002_LoginTest*****
20:56:55.318 [main] DEBUG org.testng.TestNG - suiteXmlPath: "C:\Users\Govind\Desktop\ABC\Opencart\testng.xml"
20:58:53.890 [main] INFO  TestCases.TC001_AccountRegistrationTest - *******Starting TC001_AccountRegistrationTest*****
20:58:56.158 [main] INFO  TestCases.TC001_AccountRegistrationTest - Clicked on MyAccount Link...
20:59:26.020 [main] INFO  TestCases.TC001_AccountRegistrationTest - Clicked on Register Link...
20:59:26.045 [main] INFO  TestCases.TC001_AccountRegistrationTest - Providing customer details...
21:00:22.189 [main] INFO  TestCases.TC001_AccountRegistrationTest - Validating expected message...
21:00:35.660 [main] INFO  TestCases.TC001_AccountRegistrationTest - *****FInished TC001_AccountRegistrationTest******
21:01:25.438 [main] INFO  TestCases.TC002_LoginTest - *******Starting TC_002_LoginTest*****
21:01:53.157 [main] INFO  TestCases.TC002_LoginTest - *******Finished TC_002_LoginTest*****
18:10:38.837 [main] INFO  TestCases.TC001_AccountRegistrationTest - *******Starting TC001_AccountRegistrationTest*****
18:10:39.712 [main] INFO  TestCases.TC001_AccountRegistrationTest - Clicked on MyAccount Link...
18:10:44.208 [main] INFO  TestCases.TC001_AccountRegistrationTest - Clicked on Register Link...
18:10:44.217 [main] INFO  TestCases.TC001_AccountRegistrationTest - Providing customer details...
18:10:52.934 [main] INFO  TestCases.TC001_AccountRegistrationTest - Validating expected message...
18:11:07.306 [main] INFO  TestCases.TC001_AccountRegistrationTest - *****FInished TC001_AccountRegistrationTest******
18:11:44.699 [main] INFO  TestCases.TC002_LoginTest - *******Starting TC_002_LoginTest*****
18:11:58.246 [main] INFO  TestCases.TC002_LoginTest - *******Finished TC_002_LoginTest*****
18:16:57.815 [main] DEBUG org.testng.TestNG - suiteXmlPath: "C:\Users\Govind\Desktop\ABC\Opencart\testng.xml"
18:17:33.109 [main] INFO  TestCases.TC001_AccountRegistrationTest - *******Starting TC001_AccountRegistrationTest*****
18:17:34.060 [main] INFO  TestCases.TC001_AccountRegistrationTest - Clicked on MyAccount Link...
18:17:39.128 [main] INFO  TestCases.TC001_AccountRegistrationTest - Clicked on Register Link...
18:17:39.137 [main] INFO  TestCases.TC001_AccountRegistrationTest - Providing customer details...
18:17:50.434 [main] INFO  TestCases.TC001_AccountRegistrationTest - Validating expected message...
18:17:55.911 [main] INFO  TestCases.TC001_AccountRegistrationTest - *****FInished TC001_AccountRegistrationTest******
18:18:35.265 [main] INFO  TestCases.TC002_LoginTest - *******Starting TC_002_LoginTest*****
18:18:51.399 [main] INFO  TestCases.TC002_LoginTest - *******Finished TC_002_LoginTest*****
18:23:01.724 [main] DEBUG org.testng.TestNG - suiteXmlPath: "C:\Users\Govind\Desktop\ABC\Opencart\testng.xml"
18:23:48.422 [main] INFO  TestCases.TC001_AccountRegistrationTest - *******Starting TC001_AccountRegistrationTest*****
18:23:50.203 [main] INFO  TestCases.TC001_AccountRegistrationTest - Clicked on MyAccount Link...
