21:33:03.294 [main] DEBUG org.apache.poi.openxml4j.opc.PackageRelationshipCollection - Parsing relationship: /xl/worksheets/_rels/sheet1.xml.rels
21:33:03.306 [main] DEBUG org.apache.poi.openxml4j.opc.PackageRelationshipCollection - Parsing relationship: /_rels/.rels
21:33:03.330 [main] DEBUG org.apache.poi.ooxml.POIXMLFactory - using default POIXMLDocumentPart for http://schemas.openxmlformats.org/officeDocument/2006/relationships/printerSettings
21:33:03.448 [main] DEBUG org.apache.poi.openxml4j.opc.PackageRelationshipCollection - Parsing relationship: /xl/_rels/workbook.xml.rels
21:33:03.453 [main] DEBUG org.apache.poi.openxml4j.opc.PackageRelationshipCollection - Parsing relationship: /xl/worksheets/_rels/sheet1.xml.rels
21:33:03.462 [main] DEBUG org.apache.poi.openxml4j.opc.PackageRelationshipCollection - Parsing relationship: /_rels/.rels
21:33:03.613 [main] DEBUG org.apache.poi.ooxml.POIXMLFactory - using default POIXMLDocumentPart for http://schemas.openxmlformats.org/officeDocument/2006/relationships/printerSettings
21:33:04.026 [main] DEBUG org.apache.poi.openxml4j.opc.PackageRelationshipCollection - Parsing relationship: /xl/_rels/workbook.xml.rels
21:33:04.027 [main] DEBUG org.apache.poi.openxml4j.opc.PackageRelationshipCollection - Parsing relationship: /xl/worksheets/_rels/sheet1.xml.rels
21:33:04.029 [main] DEBUG org.apache.poi.openxml4j.opc.PackageRelationshipCollection - Parsing relationship: /_rels/.rels
21:33:04.126 [main] DEBUG org.apache.poi.ooxml.POIXMLFactory - using default POIXMLDocumentPart for http://schemas.openxmlformats.org/officeDocument/2006/relationships/printerSettings
21:33:04.376 [main] DEBUG org.apache.poi.openxml4j.opc.PackageRelationshipCollection - Parsing relationship: /xl/_rels/workbook.xml.rels
21:33:04.377 [main] DEBUG org.apache.poi.openxml4j.opc.PackageRelationshipCollection - Parsing relationship: /xl/worksheets/_rels/sheet1.xml.rels
21:33:04.379 [main] DEBUG org.apache.poi.openxml4j.opc.PackageRelationshipCollection - Parsing relationship: /_rels/.rels
21:33:04.464 [main] DEBUG org.apache.poi.ooxml.POIXMLFactory - using default POIXMLDocumentPart for http://schemas.openxmlformats.org/officeDocument/2006/relationships/printerSettings
21:33:04.544 [main] INFO  TestCases.TC003_Login_DDT - ******Started TC_003_LoginDDT******
21:33:10.541 [main] INFO  TestCases.TC003_Login_DDT - ******Started TC_003_LoginDDT******
21:33:20.843 [main] INFO  TestCases.TC003_Login_DDT - ******Started TC_003_LoginDDT******
21:33:22.104 [main] INFO  TestCases.TC003_Login_DDT - ******Started TC_003_LoginDDT******
21:33:23.373 [main] INFO  TestCases.TC003_Login_DDT - ******Started TC_003_LoginDDT******
21:34:26.184 [main] INFO  TestCases.TC001_AccountRegistrationTest - *******Starting TC001_AccountRegistrationTest*****
21:34:26.973 [main] INFO  TestCases.TC001_AccountRegistrationTest - Clicked on MyAccount Link...
21:34:28.735 [main] INFO  TestCases.TC001_AccountRegistrationTest - Clicked on Register Link...
21:34:28.743 [main] INFO  TestCases.TC001_AccountRegistrationTest - Providing customer details...
21:34:31.575 [main] INFO  TestCases.TC001_AccountRegistrationTest - Validating expected message...
21:34:33.201 [main] INFO  TestCases.TC001_AccountRegistrationTest - *****FInished TC001_AccountRegistrationTest******
21:34:42.166 [main] INFO  TestCases.TC002_LoginTest - *******Starting TC_002_LoginTest*****
21:49:37.171 [main] INFO  TestCases.TC001_AccountRegistrationTest - *******Starting TC001_AccountRegistrationTest*****
21:49:37.701 [main] INFO  TestCases.TC001_AccountRegistrationTest - Clicked on MyAccount Link...
21:49:39.439 [main] INFO  TestCases.TC001_AccountRegistrationTest - Clicked on Register Link...
21:49:39.444 [main] INFO  TestCases.TC001_AccountRegistrationTest - Providing customer details...
21:49:42.073 [main] ERROR TestCases.TC001_AccountRegistrationTest - Test Failed...
21:49:51.264 [main] INFO  TestCases.TC002_LoginTest - *******Starting TC_002_LoginTest*****
21:51:37.262 [main] INFO  TestCases.TC001_AccountRegistrationTest - *******Starting TC001_AccountRegistrationTest*****
21:51:38.149 [main] INFO  TestCases.TC001_AccountRegistrationTest - Clicked on MyAccount Link...
21:51:39.957 [main] INFO  TestCases.TC001_AccountRegistrationTest - Clicked on Register Link...
21:51:39.965 [main] INFO  TestCases.TC001_AccountRegistrationTest - Providing customer details...
21:51:42.711 [main] INFO  TestCases.TC001_AccountRegistrationTest - Validating expected message...
21:51:44.235 [main] INFO  TestCases.TC001_AccountRegistrationTest - *****FInished TC001_AccountRegistrationTest******
21:51:52.997 [main] INFO  TestCases.TC002_LoginTest - *******Starting TC_002_LoginTest*****
22:08:41.535 [main] INFO  TestCases.TC001_AccountRegistrationTest - *******Starting TC001_AccountRegistrationTest*****
22:08:41.974 [main] INFO  TestCases.TC001_AccountRegistrationTest - Clicked on MyAccount Link...
22:08:44.956 [main] INFO  TestCases.TC001_AccountRegistrationTest - Clicked on Register Link...
