08:33:04.119 [main] INFO  TestCases.TC002_LoginTest - *******Starting TC_002_LoginTest*****
08:33:10.664 [main] INFO  TestCases.TC002_LoginTest - *******Finished TC_002_LoginTest*****
08:55:35.922 [main] DEBUG org.testng.TestNG - suiteXmlPath: "C:\Users\Govind\Desktop\ABC\Opencart\testng.xml"
08:55:50.139 [main] INFO  TestCases.TC001_AccountRegistrationTest - *******Starting TC001_AccountRegistrationTest*****
08:55:50.767 [main] INFO  TestCases.TC001_AccountRegistrationTest - Clicked on MyAccount Link...
08:55:53.375 [main] INFO  TestCases.TC001_AccountRegistrationTest - Clicked on Register Link...
08:55:53.383 [main] INFO  TestCases.TC001_AccountRegistrationTest - Providing customer details...
08:55:55.783 [main] INFO  TestCases.TC001_AccountRegistrationTest - Validating expected message...
08:55:58.388 [main] INFO  TestCases.TC001_AccountRegistrationTest - *****FInished TC001_AccountRegistrationTest******
08:56:09.502 [main] INFO  TestCases.TC002_LoginTest - *******Starting TC_002_LoginTest*****
08:56:15.398 [main] INFO  TestCases.TC002_LoginTest - *******Finished TC_002_LoginTest*****
09:12:22.234 [main] DEBUG org.testng.TestNG - suiteXmlPath: "C:\Users\Govind\Desktop\ABC\Opencart\testng.xml"
09:12:44.447 [main] INFO  TestCases.TC001_AccountRegistrationTest - *******Starting TC001_AccountRegistrationTest*****
09:12:44.991 [main] INFO  TestCases.TC001_AccountRegistrationTest - Clicked on MyAccount Link...
09:12:46.748 [main] INFO  TestCases.TC001_AccountRegistrationTest - Clicked on Register Link...
09:12:46.758 [main] INFO  TestCases.TC001_AccountRegistrationTest - Providing customer details...
09:12:49.581 [main] ERROR TestCases.TC001_AccountRegistrationTest - Test Failed...
09:12:59.254 [main] INFO  TestCases.TC002_LoginTest - *******Starting TC_002_LoginTest*****
09:13:04.971 [main] INFO  TestCases.TC002_LoginTest - *******Finished TC_002_LoginTest*****
09:14:00.838 [main] DEBUG org.testng.TestNG - suiteXmlPath: "C:\Users\Govind\Desktop\ABC\Opencart\testng.xml"
09:14:13.488 [main] INFO  TestCases.TC001_AccountRegistrationTest - *******Starting TC001_AccountRegistrationTest*****
09:14:14.112 [main] INFO  TestCases.TC001_AccountRegistrationTest - Clicked on MyAccount Link...
09:14:16.088 [main] INFO  TestCases.TC001_AccountRegistrationTest - Clicked on Register Link...
09:14:16.097 [main] INFO  TestCases.TC001_AccountRegistrationTest - Providing customer details...
09:14:18.972 [main] ERROR TestCases.TC001_AccountRegistrationTest - Test Failed...
09:14:28.549 [main] INFO  TestCases.TC002_LoginTest - *******Starting TC_002_LoginTest*****
09:14:33.544 [main] INFO  TestCases.TC002_LoginTest - *******Finished TC_002_LoginTest*****
13:33:06.443 [main] DEBUG org.testng.TestNG - suiteXmlPath: "C:\Users\Govind\Desktop\ABC\Opencart\testng.xml"
13:33:44.111 [main] INFO  TestCases.TC001_AccountRegistrationTest - *******Starting TC001_AccountRegistrationTest*****
13:33:44.886 [main] INFO  TestCases.TC001_AccountRegistrationTest - Clicked on MyAccount Link...
13:33:50.151 [main] INFO  TestCases.TC001_AccountRegistrationTest - Clicked on Register Link...
13:33:50.159 [main] INFO  TestCases.TC001_AccountRegistrationTest - Providing customer details...
13:33:55.073 [main] INFO  TestCases.TC001_AccountRegistrationTest - Validating expected message...
13:33:58.835 [main] INFO  TestCases.TC001_AccountRegistrationTest - *****FInished TC001_AccountRegistrationTest******
13:34:09.827 [main] INFO  TestCases.TC002_LoginTest - *******Starting TC_002_LoginTest*****
13:36:00.900 [main] DEBUG org.testng.TestNG - suiteXmlPath: "C:\Users\Govind\Desktop\ABC\Opencart\testng.xml"
13:36:14.739 [main] INFO  TestCases.TC001_AccountRegistrationTest - *******Starting TC001_AccountRegistrationTest*****
13:36:15.393 [main] INFO  TestCases.TC001_AccountRegistrationTest - Clicked on MyAccount Link...
13:36:18.482 [main] INFO  TestCases.TC001_AccountRegistrationTest - Clicked on Register Link...
13:36:18.493 [main] INFO  TestCases.TC001_AccountRegistrationTest - Providing customer details...
13:36:21.879 [main] INFO  TestCases.TC001_AccountRegistrationTest - Validating expected message...
13:36:24.323 [main] INFO  TestCases.TC001_AccountRegistrationTest - *****FInished TC001_AccountRegistrationTest******
13:36:34.819 [main] INFO  TestCases.TC002_LoginTest - *******Starting TC_002_LoginTest*****
14:52:44.135 [main] DEBUG org.testng.TestNG - suiteXmlPath: "C:\Users\Govind\Desktop\ABC\Opencart\testng.xml"
14:53:26.018 [main] INFO  TestCases.TC001_AccountRegistrationTest - *******Starting TC001_AccountRegistrationTest*****
14:53:27.140 [main] INFO  TestCases.TC001_AccountRegistrationTest - Clicked on MyAccount Link...
14:53:31.558 [main] INFO  TestCases.TC001_AccountRegistrationTest - Clicked on Register Link...
14:53:31.571 [main] INFO  TestCases.TC001_AccountRegistrationTest - Providing customer details...
14:53:34.334 [main] INFO  TestCases.TC001_AccountRegistrationTest - Validating expected message...
